2024-03-19 19:02:05,783 - Time elapsed: 0.0000 seconds
2024-03-19 19:02:05,783 - Time elapsed: 0.0000 seconds
2024-03-19 19:02:05,784 - Time elapsed: 0.0000 seconds
2024-03-19 19:02:05,784 - Time elapsed: 0.0000 seconds
2024-03-19 19:02:05,784 - Time elapsed: 0.0000 seconds
2024-03-19 19:02:05,784 - Time elapsed: 0.0000 seconds
2024-03-19 19:02:05,784 - Time elapsed: 0.0000 seconds
2024-03-19 19:02:05,784 - Time elapsed: 0.0000 seconds
2024-03-19 19:02:05,784 - Time elapsed: 0.0000 seconds
2024-03-19 19:02:05,784 - Time elapsed: 0.0000 seconds
2024-03-19 19:02:28,460 - Time elapsed: 0.0000 seconds
2024-03-19 19:02:28,460 - Time elapsed: 0.0000 seconds
2024-03-19 19:02:28,460 - Time elapsed: 0.0000 seconds
2024-03-19 19:02:28,460 - Time elapsed: 0.0000 seconds
2024-03-19 19:02:28,460 - Time elapsed: 0.0000 seconds
2024-03-19 19:02:28,460 - Time elapsed: 0.0000 seconds
2024-03-19 19:02:28,460 - Time elapsed: 0.0000 seconds
2024-03-19 19:02:28,460 - Time elapsed: 0.0000 seconds
2024-03-19 19:02:28,460 - Time elapsed: 0.0000 seconds
2024-03-19 19:02:28,461 - Time elapsed: 0.0000 seconds
2024-03-19 19:06:09,471 - An error occurred
Traceback (most recent call last):
  File "/Users/lliang/Deloitte/options/tests/test2.py", line 61, in <module>
    main()
  File "/Users/lliang/Deloitte/options/tests/test2.py", line 43, in main
    used_time.append(elapsed_time * 1e6)
TypeError: unsupported operand type(s) for *: 'NoneType' and 'float'
2024-03-19 19:07:27,026 - An error occurred
Traceback (most recent call last):
  File "/Users/lliang/Deloitte/options/tests/test2.py", line 61, in <module>
    main()
  File "/Users/lliang/Deloitte/options/tests/test2.py", line 43, in main
    used_time.append(elapsed_time * 1e6)
TypeError: unsupported operand type(s) for *: 'NoneType' and 'float'
